Using pre-set license
Built from '2021.3/staging' branch; Version is '2021.3.18f1 (3129e69bc0c7) revision 3221990'; Using compiler version '192829333'; Build Type 'Release'
OS: 'Windows 11  (10.0.22621) 64bit Core' Language: 'en' Physical Memory: 7532 MB
BatchMode: 1, IsHumanControllingUs: 0, StartBugReporterOnCrash: 0, Is64bit: 1, IsPro: 1

COMMAND LINE ARGUMENTS:
C:\Program Files\Unity\Hub\Editor\2021.3.18f1\Editor\Unity.exe
-adb2
-batchMode
-noUpm
-name
AssetImportWorker0
-projectPath
C:/Users/oostw/OneDrive/Bureaublad/MA college/periode 3/PROG/prog-periode-3/les04
-logFile
Logs/AssetImportWorker0.log
-srvPort
53328
Successfully changed project path to: C:/Users/oostw/OneDrive/Bureaublad/MA college/periode 3/PROG/prog-periode-3/les04
C:/Users/oostw/OneDrive/Bureaublad/MA college/periode 3/PROG/prog-periode-3/les04
[UnityMemory] Configuration Parameters - Can be set up in boot.config
    "memorysetup-bucket-allocator-granularity=16"
    "memorysetup-bucket-allocator-bucket-count=8"
    "memorysetup-bucket-allocator-block-size=33554432"
    "memorysetup-bucket-allocator-block-count=8"
    "memorysetup-main-allocator-block-size=16777216"
    "memorysetup-thread-allocator-block-size=16777216"
    "memorysetup-gfx-main-allocator-block-size=16777216"
    "memorysetup-gfx-thread-allocator-block-size=16777216"
    "memorysetup-cache-allocator-block-size=4194304"
    "memorysetup-typetree-allocator-block-size=2097152"
    "memorysetup-profiler-bucket-allocator-granularity=16"
    "memorysetup-profiler-bucket-allocator-bucket-count=8"
    "memorysetup-profiler-bucket-allocator-block-size=33554432"
    "memorysetup-profiler-bucket-allocator-block-count=8"
    "memorysetup-profiler-allocator-block-size=16777216"
    "memorysetup-profiler-editor-allocator-block-size=1048576"
    "memorysetup-temp-allocator-size-main=16777216"
    "memorysetup-job-temp-allocator-block-size=2097152"
    "memorysetup-job-temp-allocator-block-size-background=1048576"
    "memorysetup-job-temp-allocator-reduction-small-platforms=262144"
    "memorysetup-temp-allocator-size-background-worker=32768"
    "memorysetup-temp-allocator-size-job-worker=262144"
    "memorysetup-temp-allocator-size-preload-manager=33554432"
    "memorysetup-temp-allocator-size-nav-mesh-worker=65536"
    "memorysetup-temp-allocator-size-audio-worker=65536"
    "memorysetup-temp-allocator-size-cloud-worker=32768"
    "memorysetup-temp-allocator-size-gi-baking-worker=262144"
    "memorysetup-temp-allocator-size-gfx=262144"
Player connection [28344] Host "[IP] 10.120.1.140 [Port] 0 [Flags] 2 [Guid] 2937957092 [EditorId] 2937957092 [Version] 1048832 [Id] WindowsEditor(7,chris_laptop) [Debug] 1 [PackageName] WindowsEditor [ProjectName] Editor" joined multi-casting on [225.0.0.222:54997]...

Player connection [28344] Host "[IP] 10.120.1.140 [Port] 0 [Flags] 2 [Guid] 2937957092 [EditorId] 2937957092 [Version] 1048832 [Id] WindowsEditor(7,chris_laptop) [Debug] 1 [PackageName] WindowsEditor [ProjectName] Editor" joined alternative multi-casting on [225.0.0.222:34997]...

Refreshing native plugins compatible for Editor in 111.01 ms, found 3 plugins.
Preloading 0 native plugins for Editor in 0.00 ms.
Initialize engine version: 2021.3.18f1 (3129e69bc0c7)
[Subsystems] Discovering subsystems at path C:/Program Files/Unity/Hub/Editor/2021.3.18f1/Editor/Data/Resources/UnitySubsystems
[Subsystems] Discovering subsystems at path C:/Users/oostw/OneDrive/Bureaublad/MA college/periode 3/PROG/prog-periode-3/les04/Assets
GfxDevice: creating device client; threaded=0; jobified=0
Direct3D:
    Version:  Direct3D 11.0 [level 11.1]
    Renderer: NVIDIA GeForce RTX 3050 Laptop GPU (ID=0x25a2)
    Vendor:   NVIDIA
    VRAM:     3991 MB
    Driver:   30.0.15.1274
Initialize mono
Mono path[0] = 'C:/Program Files/Unity/Hub/Editor/2021.3.18f1/Editor/Data/Managed'
Mono path[1] = 'C:/Program Files/Unity/Hub/Editor/2021.3.18f1/Editor/Data/MonoBleedingEdge/lib/mono/unityjit-win32'
Mono config path = 'C:/Program Files/Unity/Hub/Editor/2021.3.18f1/Editor/Data/MonoBleedingEdge/etc'
Using monoOptions --debugger-agent=transport=dt_socket,embedding=1,server=y,suspend=n,address=127.0.0.1:56688
Begin MonoManager ReloadAssembly
Registering precompiled unity dll's ...
Register platform support module: C:/Program Files/Unity/Hub/Editor/2021.3.18f1/Editor/Data/PlaybackEngines/WebGLSupport/UnityEditor.WebGL.Extensions.dll
Register platform support module: C:/Program Files/Unity/Hub/Editor/2021.3.18f1/Editor/Data/PlaybackEngines/WindowsStandaloneSupport/UnityEditor.WindowsStandalone.Extensions.dll
Registered in 0.014171 seconds.
Native extension for WindowsStandalone target not found
Native extension for WebGL target not found
Refreshing native plugins compatible for Editor in 149.39 ms, found 3 plugins.
Preloading 0 native plugins for Editor in 0.00 ms.
Mono: successfully reloaded assembly
- Completed reload, in  1.456 seconds
Domain Reload Profiling:
	ReloadAssembly (1458ms)
		BeginReloadAssembly (285ms)
			ExecutionOrderSort (0ms)
			DisableScriptedObjects (0ms)
			BackupInstance (0ms)
			ReleaseScriptingObjects (0ms)
			CreateAndSetChildDomain (2ms)
		EndReloadAssembly (966ms)
			LoadAssemblies (283ms)
			RebuildTransferFunctionScriptingTraits (1ms)
			SetupTypeCache (246ms)
			ReleaseScriptCaches (0ms)
			RebuildScriptCaches (57ms)
			SetupLoadedEditorAssemblies (558ms)
				LogAssemblyErrors (0ms)
				InitializePlatformSupportModulesInManaged (17ms)
				SetLoadedEditorAssemblies (0ms)
				RefreshPlugins (150ms)
				BeforeProcessingInitializeOnLoad (4ms)
				ProcessInitializeOnLoadAttributes (298ms)
				ProcessInitializeOnLoadMethodAttributes (89ms)
				AfterProcessingInitializeOnLoad (0ms)
				EditorAssembliesLoaded (0ms)
			ExecutionOrderSort2 (0ms)
			AwakeInstancesAfterBackupRestoration (0ms)
Platform modules already initialized, skipping
Registering precompiled user dll's ...
Registered in 0.012740 seconds.
Begin MonoManager ReloadAssembly
Symbol file LoadedFromMemory doesn't match image C:\Users\oostw\OneDrive\Bureaublad\MA college\periode 3\PROG\prog-periode-3\les04\Library\PackageCache\com.unity.visualscripting@1.8.0\Editor\VisualScripting.Core\Dependencies\YamlDotNet\Unity.VisualScripting.YamlDotNet.dll
Symbol file LoadedFromMemory doesn't match image C:\Users\oostw\OneDrive\Bureaublad\MA college\periode 3\PROG\prog-periode-3\les04\Library\PackageCache\com.unity.visualscripting@1.8.0\Editor\VisualScripting.Core\Dependencies\DotNetZip\Unity.VisualScripting.IonicZip.dll
Native extension for WindowsStandalone target not found
Native extension for WebGL target not found
Refreshing native plugins compatible for Editor in 2.57 ms, found 3 plugins.
Preloading 0 native plugins for Editor in 0.00 ms.
Mono: successfully reloaded assembly
- Completed reload, in  2.483 seconds
Domain Reload Profiling:
	ReloadAssembly (2485ms)
		BeginReloadAssembly (346ms)
			ExecutionOrderSort (0ms)
			DisableScriptedObjects (13ms)
			BackupInstance (0ms)
			ReleaseScriptingObjects (1ms)
			CreateAndSetChildDomain (60ms)
		EndReloadAssembly (1917ms)
			LoadAssemblies (476ms)
			RebuildTransferFunctionScriptingTraits (0ms)
			SetupTypeCache (563ms)
			ReleaseScriptCaches (2ms)
			RebuildScriptCaches (105ms)
			SetupLoadedEditorAssemblies (797ms)
				LogAssemblyErrors (0ms)
				InitializePlatformSupportModulesInManaged (20ms)
				SetLoadedEditorAssemblies (1ms)
				RefreshPlugins (3ms)
				BeforeProcessingInitializeOnLoad (255ms)
				ProcessInitializeOnLoadAttributes (461ms)
				ProcessInitializeOnLoadMethodAttributes (46ms)
				AfterProcessingInitializeOnLoad (11ms)
				EditorAssembliesLoaded (0ms)
			ExecutionOrderSort2 (0ms)
			AwakeInstancesAfterBackupRestoration (9ms)
Platform modules already initialized, skipping
========================================================================
Worker process is ready to serve import requests
Launched and connected shader compiler UnityShaderCompiler.exe after 0.21 seconds
Refreshing native plugins compatible for Editor in 2.52 ms, found 3 plugins.
Preloading 0 native plugins for Editor in 0.00 ms.
Unloading 3099 Unused Serialized files (Serialized files now loaded: 0)
Unloading 24 unused Assets / (113.5 KB). Loaded Objects now: 3560.
Memory consumption went from 111.8 MB to 111.7 MB.
Total: 9.087900 ms (FindLiveObjects: 1.174300 ms CreateObjectMapping: 1.273900 ms MarkObjects: 6.408800 ms  DeleteObjects: 0.229500 ms)

AssetImportParameters requested are different than current active one (requested -> active):
  custom:video-decoder-ogg-theora: a1e56fd34408186e4bbccfd4996cb3dc -> 
  custom:container-muxer-webm: aa71ff27fc2769a1b78a27578f13a17b -> 
  custom:container-demuxer-webm: 4f35f7cbe854078d1ac9338744f61a02 -> 
  custom:video-encoder-webm-vp8: eb34c28f22e8b96e1ab97ce403110664 -> 
  custom:audio-encoder-webm-vorbis: bf7c407c2cedff20999df2af8eb42d56 -> 
  custom:framework-win-MediaFoundation: 216162199b28c13a410421893ffa2e32 -> 
  custom:container-demuxer-ogg: 62fdf1f143b41e24485cea50d1cbac27 -> 
  custom:video-decoder-webm-vp8: 9c59270c3fd7afecdb556c50c9e8de78 -> 
  custom:audio-decoder-ogg-vorbis: bf7c407c2cedff20999df2af8eb42d56 -> 
========================================================================
Received Import Request.
  Time since last request: 327067.526184 seconds.
  path: Assets/Scripts
  artifactKey: Guid(9e334078e40d29b4abe365ef215d8bef) Importer(815301076,1909f56bfc062723c751e8b465ee728b)
Start importing Assets/Scripts using Guid(9e334078e40d29b4abe365ef215d8bef) Importer(815301076,1909f56bfc062723c751e8b465ee728b)  -> (artifact id: '5eecad8257f308a759df17ad49014788') in 0.032731 seconds 
========================================================================
Received Import Request.
  Time since last request: 1.123607 seconds.
  path: Assets/les04.unity
  artifactKey: Guid(3fd5dbc58c940d543baa76f9c3036718) Importer(815301076,1909f56bfc062723c751e8b465ee728b)
Start importing Assets/les04.unity using Guid(3fd5dbc58c940d543baa76f9c3036718) Importer(815301076,1909f56bfc062723c751e8b465ee728b)  -> (artifact id: 'f0c3906d23876d3280d97e62c1aa3a20') in 0.025608 seconds 
========================================================================
Received Prepare
Registering precompiled user dll's ...
Registered in 0.010705 seconds.
Begin MonoManager ReloadAssembly
Symbol file LoadedFromMemory doesn't match image C:\Users\oostw\OneDrive\Bureaublad\MA college\periode 3\PROG\prog-periode-3\les04\Library\PackageCache\com.unity.visualscripting@1.8.0\Editor\VisualScripting.Core\Dependencies\YamlDotNet\Unity.VisualScripting.YamlDotNet.dll
Symbol file LoadedFromMemory doesn't match image C:\Users\oostw\OneDrive\Bureaublad\MA college\periode 3\PROG\prog-periode-3\les04\Library\PackageCache\com.unity.visualscripting@1.8.0\Editor\VisualScripting.Core\Dependencies\DotNetZip\Unity.VisualScripting.IonicZip.dll
Native extension for WindowsStandalone target not found
Native extension for WebGL target not found
Refreshing native plugins compatible for Editor in 1.98 ms, found 3 plugins.
Preloading 0 native plugins for Editor in 0.00 ms.
Mono: successfully reloaded assembly
- Completed reload, in  2.443 seconds
Domain Reload Profiling:
	ReloadAssembly (2444ms)
		BeginReloadAssembly (306ms)
			ExecutionOrderSort (0ms)
			DisableScriptedObjects (7ms)
			BackupInstance (0ms)
			ReleaseScriptingObjects (1ms)
			CreateAndSetChildDomain (90ms)
		EndReloadAssembly (1878ms)
			LoadAssemblies (357ms)
			RebuildTransferFunctionScriptingTraits (0ms)
			SetupTypeCache (687ms)
			ReleaseScriptCaches (4ms)
			RebuildScriptCaches (113ms)
			SetupLoadedEditorAssemblies (648ms)
				LogAssemblyErrors (0ms)
				InitializePlatformSupportModulesInManaged (31ms)
				SetLoadedEditorAssemblies (1ms)
				RefreshPlugins (2ms)
				BeforeProcessingInitializeOnLoad (125ms)
				ProcessInitializeOnLoadAttributes (434ms)
				ProcessInitializeOnLoadMethodAttributes (43ms)
				AfterProcessingInitializeOnLoad (11ms)
				EditorAssembliesLoaded (1ms)
			ExecutionOrderSort2 (0ms)
			AwakeInstancesAfterBackupRestoration (15ms)
Platform modules already initialized, skipping
Refreshing native plugins compatible for Editor in 5.56 ms, found 3 plugins.
Preloading 0 native plugins for Editor in 0.00 ms.
Unloading 3081 Unused Serialized files (Serialized files now loaded: 0)
Unloading 17 unused Assets / (79.9 KB). Loaded Objects now: 3563.
Memory consumption went from 110.3 MB to 110.3 MB.
Total: 9.375700 ms (FindLiveObjects: 1.125600 ms CreateObjectMapping: 0.898900 ms MarkObjects: 7.039500 ms  DeleteObjects: 0.309300 ms)

AssetImportParameters requested are different than current active one (requested -> active):
  custom:video-decoder-ogg-theora: a1e56fd34408186e4bbccfd4996cb3dc -> 
  custom:container-muxer-webm: aa71ff27fc2769a1b78a27578f13a17b -> 
  custom:container-demuxer-webm: 4f35f7cbe854078d1ac9338744f61a02 -> 
  custom:video-encoder-webm-vp8: eb34c28f22e8b96e1ab97ce403110664 -> 
  custom:audio-encoder-webm-vorbis: bf7c407c2cedff20999df2af8eb42d56 -> 
  custom:framework-win-MediaFoundation: 216162199b28c13a410421893ffa2e32 -> 
  custom:container-demuxer-ogg: 62fdf1f143b41e24485cea50d1cbac27 -> 
  custom:video-decoder-webm-vp8: 9c59270c3fd7afecdb556c50c9e8de78 -> 
  custom:audio-decoder-ogg-vorbis: bf7c407c2cedff20999df2af8eb42d56 -> 
========================================================================
Received Import Request.
  Time since last request: 29.456385 seconds.
  path: Assets/The Boss.fbx
  artifactKey: Guid(b814a41f63ec2d54eb168a5cadb94dfc) Importer(815301076,1909f56bfc062723c751e8b465ee728b)
Start importing Assets/The Boss.fbx using Guid(b814a41f63ec2d54eb168a5cadb94dfc) Importer(815301076,1909f56bfc062723c751e8b465ee728b)  -> (artifact id: 'b2f3ff08b902d86484b9e252d15597d1') in 0.317471 seconds 
========================================================================
Received Import Request.
  Time since last request: 46.172023 seconds.
  path: Assets/The Boss.fbx
  artifactKey: Guid(b814a41f63ec2d54eb168a5cadb94dfc) Importer(815301076,1909f56bfc062723c751e8b465ee728b)
Start importing Assets/The Boss.fbx using Guid(b814a41f63ec2d54eb168a5cadb94dfc) Importer(815301076,1909f56bfc062723c751e8b465ee728b)  -> (artifact id: '87cf1457424ce846df36b8f1b3b276b2') in 0.364335 seconds 
========================================================================
Received Import Request.
  Time since last request: 2.607956 seconds.
  path: Assets/The Boss.fbx
  artifactKey: Guid(b814a41f63ec2d54eb168a5cadb94dfc) Importer(815301076,1909f56bfc062723c751e8b465ee728b)
Start importing Assets/The Boss.fbx using Guid(b814a41f63ec2d54eb168a5cadb94dfc) Importer(815301076,1909f56bfc062723c751e8b465ee728b)  -> (artifact id: '6ab548b4d37d3fcb9ce1305580525b4b') in 0.111634 seconds 
========================================================================
Received Import Request.
  Time since last request: 6.963104 seconds.
  path: Assets/The Boss.fbx
  artifactKey: Guid(b814a41f63ec2d54eb168a5cadb94dfc) Importer(815301076,1909f56bfc062723c751e8b465ee728b)
Start importing Assets/The Boss.fbx using Guid(b814a41f63ec2d54eb168a5cadb94dfc) Importer(815301076,1909f56bfc062723c751e8b465ee728b)  -> (artifact id: 'c28e4eb4a3660b58e979fdab8ed53e30') in 0.103661 seconds 
========================================================================
Received Import Request.
  Time since last request: 43.689702 seconds.
  path: Assets/prefab/The Boss.prefab
  artifactKey: Guid(4fdf67f312f1a284581c7325ade587e1) Importer(815301076,1909f56bfc062723c751e8b465ee728b)
Start importing Assets/prefab/The Boss.prefab using Guid(4fdf67f312f1a284581c7325ade587e1) Importer(815301076,1909f56bfc062723c751e8b465ee728b)  -> (artifact id: '52030a8994121d51a25219012e53d3db') in 0.030705 seconds 
========================================================================
Received Prepare
Registering precompiled user dll's ...
Registered in 0.011742 seconds.
Begin MonoManager ReloadAssembly
Symbol file LoadedFromMemory doesn't match image C:\Users\oostw\OneDrive\Bureaublad\MA college\periode 3\PROG\prog-periode-3\les04\Library\PackageCache\com.unity.visualscripting@1.8.0\Editor\VisualScripting.Core\Dependencies\YamlDotNet\Unity.VisualScripting.YamlDotNet.dll
Symbol file LoadedFromMemory doesn't match image C:\Users\oostw\OneDrive\Bureaublad\MA college\periode 3\PROG\prog-periode-3\les04\Library\PackageCache\com.unity.visualscripting@1.8.0\Editor\VisualScripting.Core\Dependencies\DotNetZip\Unity.VisualScripting.IonicZip.dll
Native extension for WindowsStandalone target not found
Native extension for WebGL target not found
Refreshing native plugins compatible for Editor in 1.52 ms, found 3 plugins.
Preloading 0 native plugins for Editor in 0.00 ms.
Mono: successfully reloaded assembly
- Completed reload, in  1.333 seconds
Domain Reload Profiling:
	ReloadAssembly (1334ms)
		BeginReloadAssembly (219ms)
			ExecutionOrderSort (0ms)
			DisableScriptedObjects (5ms)
			BackupInstance (0ms)
			ReleaseScriptingObjects (1ms)
			CreateAndSetChildDomain (72ms)
		EndReloadAssembly (969ms)
			LoadAssemblies (161ms)
			RebuildTransferFunctionScriptingTraits (0ms)
			SetupTypeCache (352ms)
			ReleaseScriptCaches (2ms)
			RebuildScriptCaches (51ms)
			SetupLoadedEditorAssemblies (382ms)
				LogAssemblyErrors (0ms)
				InitializePlatformSupportModulesInManaged (18ms)
				SetLoadedEditorAssemblies (1ms)
				RefreshPlugins (2ms)
				BeforeProcessingInitializeOnLoad (81ms)
				ProcessInitializeOnLoadAttributes (249ms)
				ProcessInitializeOnLoadMethodAttributes (23ms)
				AfterProcessingInitializeOnLoad (9ms)
				EditorAssembliesLoaded (0ms)
			ExecutionOrderSort2 (0ms)
			AwakeInstancesAfterBackupRestoration (8ms)
Platform modules already initialized, skipping
Refreshing native plugins compatible for Editor in 4.07 ms, found 3 plugins.
Preloading 0 native plugins for Editor in 0.00 ms.
Unloading 3081 Unused Serialized files (Serialized files now loaded: 0)
Unloading 17 unused Assets / (80.0 KB). Loaded Objects now: 3611.
Memory consumption went from 127.9 MB to 127.8 MB.
Total: 5.889000 ms (FindLiveObjects: 0.527300 ms CreateObjectMapping: 0.334600 ms MarkObjects: 4.765500 ms  DeleteObjects: 0.259000 ms)

AssetImportParameters requested are different than current active one (requested -> active):
  custom:video-decoder-ogg-theora: a1e56fd34408186e4bbccfd4996cb3dc -> 
  custom:container-muxer-webm: aa71ff27fc2769a1b78a27578f13a17b -> 
  custom:container-demuxer-webm: 4f35f7cbe854078d1ac9338744f61a02 -> 
  custom:video-encoder-webm-vp8: eb34c28f22e8b96e1ab97ce403110664 -> 
  custom:audio-encoder-webm-vorbis: bf7c407c2cedff20999df2af8eb42d56 -> 
  custom:framework-win-MediaFoundation: 216162199b28c13a410421893ffa2e32 -> 
  custom:container-demuxer-ogg: 62fdf1f143b41e24485cea50d1cbac27 -> 
  custom:video-decoder-webm-vp8: 9c59270c3fd7afecdb556c50c9e8de78 -> 
  custom:audio-decoder-ogg-vorbis: bf7c407c2cedff20999df2af8eb42d56 -> 
========================================================================
Received Import Request.
  Time since last request: 69.556121 seconds.
  path: Assets/prefab/The Boss.prefab
  artifactKey: Guid(4fdf67f312f1a284581c7325ade587e1) Importer(815301076,1909f56bfc062723c751e8b465ee728b)
Start importing Assets/prefab/The Boss.prefab using Guid(4fdf67f312f1a284581c7325ade587e1) Importer(815301076,1909f56bfc062723c751e8b465ee728b)  -> (artifact id: '4aec37136f201cd115fa2b2a166a70cc') in 0.084220 seconds 
========================================================================
Received Import Request.
  Time since last request: 32.925691 seconds.
  path: Assets/prefab/The Boss.prefab
  artifactKey: Guid(4fdf67f312f1a284581c7325ade587e1) Importer(815301076,1909f56bfc062723c751e8b465ee728b)
Start importing Assets/prefab/The Boss.prefab using Guid(4fdf67f312f1a284581c7325ade587e1) Importer(815301076,1909f56bfc062723c751e8b465ee728b)  -> (artifact id: 'ebe4eadd3a8ccb8b86f770c941623cff') in 0.041442 seconds 
========================================================================
Received Import Request.
  Time since last request: 7.638964 seconds.
  path: Assets/prefab/The Boss.prefab
  artifactKey: Guid(4fdf67f312f1a284581c7325ade587e1) Importer(815301076,1909f56bfc062723c751e8b465ee728b)
Start importing Assets/prefab/The Boss.prefab using Guid(4fdf67f312f1a284581c7325ade587e1) Importer(815301076,1909f56bfc062723c751e8b465ee728b)  -> (artifact id: 'fcce895a0f701b12591db368c30932c9') in 0.018102 seconds 
========================================================================
Received Import Request.
  Time since last request: 16.442443 seconds.
  path: Assets/Animations
  artifactKey: Guid(7586515f6f3d47b4e95fa9554b232967) Importer(815301076,1909f56bfc062723c751e8b465ee728b)
Start importing Assets/Animations using Guid(7586515f6f3d47b4e95fa9554b232967) Importer(815301076,1909f56bfc062723c751e8b465ee728b)  -> (artifact id: '41cb9cf629709f6b505420bfc6876082') in 0.012076 seconds 
========================================================================
Received Import Request.
  Time since last request: 48.585850 seconds.
  path: Assets/Animations/The boss Animation.controller
  artifactKey: Guid(19be8aa6f8b4d0a44b9296da3df4061b) Importer(815301076,1909f56bfc062723c751e8b465ee728b)
Start importing Assets/Animations/The boss Animation.controller using Guid(19be8aa6f8b4d0a44b9296da3df4061b) Importer(815301076,1909f56bfc062723c751e8b465ee728b)  -> (artifact id: '256e0dbd6f76d753712761813bdbbb99') in 0.016386 seconds 
========================================================================
Received Import Request.
  Time since last request: 8.096307 seconds.
  path: Assets/prefab/The Boss.prefab
  artifactKey: Guid(4fdf67f312f1a284581c7325ade587e1) Importer(815301076,1909f56bfc062723c751e8b465ee728b)
Start importing Assets/prefab/The Boss.prefab using Guid(4fdf67f312f1a284581c7325ade587e1) Importer(815301076,1909f56bfc062723c751e8b465ee728b) The Animator Controller (The boss Animation) you have used is not valid. Animations will not play
UnityEngine.StackTraceUtility:ExtractStackTrace ()
UnityEditor.EditorUtility:Internal_InstantiateRemoveAllNonAnimationComponentsSingle (UnityEngine.Object,UnityEngine.Vector3,UnityEngine.Quaternion)
UnityEditor.EditorUtility:InstantiateRemoveAllNonAnimationComponents (UnityEngine.Object,UnityEngine.Vector3,UnityEngine.Quaternion)
UnityEditor.EditorUtility:InstantiateForAnimatorPreview (UnityEngine.Object)
UnityEditor.GameObjectInspector/PreviewData:UpdateGameObject (UnityEngine.Object)
UnityEditor.GameObjectInspector/PreviewData:.ctor (UnityEngine.Object)
UnityEditor.GameObjectInspector:GetPreviewData ()
UnityEditor.GameObjectInspector:RenderStaticPreview (string,UnityEngine.Object[],int,int)
UnityEditor.AssetPreviewUpdater:CreatePreview (UnityEngine.Object,UnityEngine.Object[],string,int,int)
UnityEditor.AssetPreviewUpdater:CreatePreviewForAsset (UnityEngine.Object,UnityEngine.Object[],string)

[C:\build\output\unity\unity\Modules\Animation\Director\AnimatorControllerPlayable.cpp line 333]

The Animator Controller (The boss Animation) you have used is not valid. Animations will not play
UnityEngine.StackTraceUtility:ExtractStackTrace ()
UnityEditor.EditorUtility:InitInstantiatedPreviewRecursive (UnityEngine.GameObject)
UnityEditor.EditorUtility:InstantiateForAnimatorPreview (UnityEngine.Object)
UnityEditor.GameObjectInspector/PreviewData:UpdateGameObject (UnityEngine.Object)
UnityEditor.GameObjectInspector/PreviewData:.ctor (UnityEngine.Object)
UnityEditor.GameObjectInspector:GetPreviewData ()
UnityEditor.GameObjectInspector:RenderStaticPreview (string,UnityEngine.Object[],int,int)
UnityEditor.AssetPreviewUpdater:CreatePreview (UnityEngine.Object,UnityEngine.Object[],string,int,int)
UnityEditor.AssetPreviewUpdater:CreatePreviewForAsset (UnityEngine.Object,UnityEngine.Object[],string)

[C:\build\output\unity\unity\Modules\Animation\Director\AnimatorControllerPlayable.cpp line 333]

 -> (artifact id: '00b91d350abb912b2a8e90332fee1fad') in 0.034723 seconds 
========================================================================
Received Import Request.
  Time since last request: 52.477485 seconds.
  path: Assets/prefab/The Boss.prefab
  artifactKey: Guid(4fdf67f312f1a284581c7325ade587e1) Importer(815301076,1909f56bfc062723c751e8b465ee728b)
Start importing Assets/prefab/The Boss.prefab using Guid(4fdf67f312f1a284581c7325ade587e1) Importer(815301076,1909f56bfc062723c751e8b465ee728b) The Animator Controller (The boss Animation) you have used is not valid. Animations will not play
UnityEngine.StackTraceUtility:ExtractStackTrace ()
UnityEditor.EditorUtility:Internal_InstantiateRemoveAllNonAnimationComponentsSingle (UnityEngine.Object,UnityEngine.Vector3,UnityEngine.Quaternion)
UnityEditor.EditorUtility:InstantiateRemoveAllNonAnimationComponents (UnityEngine.Object,UnityEngine.Vector3,UnityEngine.Quaternion)
UnityEditor.EditorUtility:InstantiateForAnimatorPreview (UnityEngine.Object)
UnityEditor.GameObjectInspector/PreviewData:UpdateGameObject (UnityEngine.Object)
UnityEditor.GameObjectInspector/PreviewData:.ctor (UnityEngine.Object)
UnityEditor.GameObjectInspector:GetPreviewData ()
UnityEditor.GameObjectInspector:RenderStaticPreview (string,UnityEngine.Object[],int,int)
UnityEditor.AssetPreviewUpdater:CreatePreview (UnityEngine.Object,UnityEngine.Object[],string,int,int)
UnityEditor.AssetPreviewUpdater:CreatePreviewForAsset (UnityEngine.Object,UnityEngine.Object[],string)

[C:\build\output\unity\unity\Modules\Animation\Director\AnimatorControllerPlayable.cpp line 333]

The Animator Controller (The boss Animation) you have used is not valid. Animations will not play
UnityEngine.StackTraceUtility:ExtractStackTrace ()
UnityEditor.EditorUtility:InitInstantiatedPreviewRecursive (UnityEngine.GameObject)
UnityEditor.EditorUtility:InstantiateForAnimatorPreview (UnityEngine.Object)
UnityEditor.GameObjectInspector/PreviewData:UpdateGameObject (UnityEngine.Object)
UnityEditor.GameObjectInspector/PreviewData:.ctor (UnityEngine.Object)
UnityEditor.GameObjectInspector:GetPreviewData ()
UnityEditor.GameObjectInspector:RenderStaticPreview (string,UnityEngine.Object[],int,int)
UnityEditor.AssetPreviewUpdater:CreatePreview (UnityEngine.Object,UnityEngine.Object[],string,int,int)
UnityEditor.AssetPreviewUpdater:CreatePreviewForAsset (UnityEngine.Object,UnityEngine.Object[],string)

[C:\build\output\unity\unity\Modules\Animation\Director\AnimatorControllerPlayable.cpp line 333]

 -> (artifact id: '112ec4c230309c831faf074ac9f617e9') in 0.042916 seconds 
========================================================================
Received Import Request.
  Time since last request: 9.507242 seconds.
  path: ProjectSettings/TagManager.asset
  artifactKey: Guid(00000000000000003000000000000000) Importer(815301076,1909f56bfc062723c751e8b465ee728b)
Start importing ProjectSettings/TagManager.asset using Guid(00000000000000003000000000000000) Importer(815301076,1909f56bfc062723c751e8b465ee728b)  -> (artifact id: '2ebbba2077743a380f1fe412f96cc863') in 0.013611 seconds 
========================================================================
Received Import Request.
  Time since last request: 85.430085 seconds.
  path: Assets/Textures and Materials
  artifactKey: Guid(cce8a1184fbccc24cb1a60fae0b9b613) Importer(815301076,1909f56bfc062723c751e8b465ee728b)
Start importing Assets/Textures and Materials using Guid(cce8a1184fbccc24cb1a60fae0b9b613) Importer(815301076,1909f56bfc062723c751e8b465ee728b)  -> (artifact id: 'f19838e3438496120257c671538be79b') in 0.012769 seconds 
========================================================================
Received Import Request.
  Time since last request: 0.052617 seconds.
  path: Assets/Textures and Materials/Boss_diffuse.png
  artifactKey: Guid(b91e74dec35ccf24f906d6531b97734d) Importer(815301076,1909f56bfc062723c751e8b465ee728b)
Start importing Assets/Textures and Materials/Boss_diffuse.png using Guid(b91e74dec35ccf24f906d6531b97734d) Importer(815301076,1909f56bfc062723c751e8b465ee728b)  -> (artifact id: 'fa4641fee756c8583498be1a6c803a29') in 0.125867 seconds 
========================================================================
Received Import Request.
  Time since last request: 0.000021 seconds.
  path: Assets/Textures and Materials/Eyes_MAT.mat
  artifactKey: Guid(ad52b378c0e7f1e478ce5c6db45962b4) Importer(815301076,1909f56bfc062723c751e8b465ee728b)
Start importing Assets/Textures and Materials/Eyes_MAT.mat using Guid(ad52b378c0e7f1e478ce5c6db45962b4) Importer(815301076,1909f56bfc062723c751e8b465ee728b)  -> (artifact id: '6871ba46c1b18b92e819dcc8d1091086') in 0.048509 seconds 
========================================================================
Received Import Request.
  Time since last request: 0.000029 seconds.
  path: Assets/Textures and Materials/Skin_MAT.mat
  artifactKey: Guid(f444be2a8ba2f1246b2233af32e89896) Importer(815301076,1909f56bfc062723c751e8b465ee728b)
Start importing Assets/Textures and Materials/Skin_MAT.mat using Guid(f444be2a8ba2f1246b2233af32e89896) Importer(815301076,1909f56bfc062723c751e8b465ee728b)  -> (artifact id: 'fba27c587c641110f4d6db2313380674') in 0.027924 seconds 
========================================================================
Received Import Request.
  Time since last request: 0.000036 seconds.
  path: Assets/Textures and Materials/Cigar_Mat.mat
  artifactKey: Guid(38f9be7ea871ffa4585f08e9a4fd91bc) Importer(815301076,1909f56bfc062723c751e8b465ee728b)
Start importing Assets/Textures and Materials/Cigar_Mat.mat using Guid(38f9be7ea871ffa4585f08e9a4fd91bc) Importer(815301076,1909f56bfc062723c751e8b465ee728b)  -> (artifact id: 'be3cc2dd0cd19658d718357a89b89909') in 0.035422 seconds 
========================================================================
Received Import Request.
  Time since last request: 0.000019 seconds.
  path: Assets/Textures and Materials/Boss_specular.png
  artifactKey: Guid(7d0b89e333be40a4bb9bcbbea6cba6ae) Importer(815301076,1909f56bfc062723c751e8b465ee728b)
Start importing Assets/Textures and Materials/Boss_specular.png using Guid(7d0b89e333be40a4bb9bcbbea6cba6ae) Importer(815301076,1909f56bfc062723c751e8b465ee728b)  -> (artifact id: '24c4c51e80d0840c4a7c028c8114eb39') in 0.031406 seconds 
Editor requested this worker to shutdown with reason: Scaling down because of idle timeout
AssetImportWorker is now disconnected from the server
Process exiting
Exiting without the bug reporter. Application will terminate with return code 0